<?xml version="1.0" encoding="UTF-8" ?>
<testsuite tests="13" failures="0" name="testRun.TestRunner" time="0.761" errors="0" skipped="13">
  <properties>
[...]
</properties>
  <testcase classname="Customers" name="Add new Customer" time="0.058">
    <skipped/>
    <system-out>Feature: Customers

  @sanity
  Scenario: Add new Customer                                                                # Feature/Customers1.feature:9
    Given User Launch Chrome browser                                                        # null
    When User opens URL &quot;http://admin-demo.nopcommerce.com/login&quot;                           # null
    And User enters Email as &quot;admin@yourstore.com&quot; and Password as &quot;admin&quot;                  # null
    And Click on Login                                                                      # null
    Then User can view Dashboad                                                             # null
    When User click on customers Menu                                                       # null
    And click on customers Menu Item                                                        # null
    And click on Add new button                                                             # null
    Then User can view Add new customer page                                                # null
    When User enter customer info                                                           # null
    And click on Save button                                                                # null
    Then User can view confirmation message &quot;The new customer has been added successfully.&quot; # null
    And close browser                                                                       # null
</system-out>
    <system-err>Nov 10, 2022 5:52:52 AM cucumber.runtime.java.ObjectFactoryLoader loadSingleObjectFactory
WARNING: Use deprecated reflections to load ObjectFactory.
</system-err>
  </testcase>
  <testcase classname="Customers" name="Add new Customer" time="0.058">
    <skipped/>
  </testcase>
  <testcase classname="Customers" name="Add new Customer" time="0.058">
    <skipped/>
  </testcase>
  <testcase classname="Customers" name="Add new Customer" time="0.058">
    <skipped/>
  </testcase>
  <testcase classname="Customers" name="Add new Customer" time="0.058">
    <skipped/>
  </testcase>
  <testcase classname="Customers" name="Add new Customer" time="0.058">
    <skipped/>
  </testcase>
  <testcase classname="Customers" name="Add new Customer" time="0.059">
    <skipped/>
  </testcase>
  <testcase classname="Customers" name="Add new Customer" time="0.059">
    <skipped/>
  </testcase>
  <testcase classname="Customers" name="Add new Customer" time="0.059">
    <skipped/>
  </testcase>
  <testcase classname="Customers" name="Add new Customer" time="0.059">
    <skipped/>
  </testcase>
  <testcase classname="Customers" name="Add new Customer" time="0.059">
    <skipped/>
  </testcase>
  <testcase classname="Customers" name="Add new Customer" time="0.059">
    <skipped/>
  </testcase>
  <testcase classname="Customers" name="Add new Customer" time="0.059">
    <skipped/>
  </testcase>
</testsuite>