<?xml version="1.0" encoding="UTF-8"?>
<testng-results skipped="0" failed="0" ignored="0" total="3" passed="3">
  <reporter-output>
  </reporter-output>
  <suite name="Suite" duration-ms="28342" started-at="2022-11-10T06:10:09 PST" finished-at="2022-11-10T06:10:37 PST">
    <groups>
    </groups>
    <test name="Test" duration-ms="28342" started-at="2022-11-10T06:10:09 PST" finished-at="2022-11-10T06:10:37 PST">
      <class name="logExample.NOPComLogin">
        <test-method status="PASS" signature="launchApp()[pri:0, instance:logExample.NOPComLogin@2a556333]" name="launchApp" is-config="true" duration-ms="11042" started-at="2022-11-10T06:10:09 PST" finished-at="2022-11-10T06:10:20 PST">
          <reporter-output>
          </reporter-output>
        </test-method> <!-- launchApp -->
        <test-method status="PASS" signature="verifyLogin()[pri:1, instance:logExample.NOPComLogin@2a556333]" name="verifyLogin" duration-ms="11646" started-at="2022-11-10T06:10:20 PST" finished-at="2022-11-10T06:10:32 PST">
          <reporter-output>
          </reporter-output>
        </test-method> <!-- verifyLogin -->
        <test-method status="PASS" signature="verifyAppTitle()[pri:2, instance:logExample.NOPComLogin@2a556333]" name="verifyAppTitle" duration-ms="48" started-at="2022-11-10T06:10:32 PST" finished-at="2022-11-10T06:10:32 PST">
          <reporter-output>
          </reporter-output>
        </test-method> <!-- verifyAppTitle -->
        <test-method status="PASS" signature="verufyLogout()[pri:3, instance:logExample.NOPComLogin@2a556333]" name="verufyLogout" duration-ms="1368" started-at="2022-11-10T06:10:32 PST" finished-at="2022-11-10T06:10:33 PST">
          <reporter-output>
          </reporter-output>
        </test-method> <!-- verufyLogout -->
        <test-method status="PASS" signature="closeApp()[pri:0, instance:logExample.NOPComLogin@2a556333]" name="closeApp" is-config="true" duration-ms="4181" started-at="2022-11-10T06:10:33 PST" finished-at="2022-11-10T06:10:37 PST">
          <reporter-output>
          </reporter-output>
        </test-method> <!-- closeApp -->
      </class> <!-- logExample.NOPComLogin -->
    </test> <!-- Test -->
  </suite> <!-- Suite -->
</testng-results>
