<?xml version="1.0" encoding="UTF-8"?>
<testng-results skipped="0" failed="0" total="1" passed="1">
  <reporter-output>
  </reporter-output>
  <suite name="Default suite" duration-ms="25049" started-at="2022-10-20T07:49:59Z" finished-at="2022-10-20T07:50:25Z">
    <groups>
    </groups>
    <test name="Default test" duration-ms="25049" started-at="2022-10-20T07:49:59Z" finished-at="2022-10-20T07:50:25Z">
      <class name="controlExample.HandleDropdown">
        <test-method status="PASS" signature="launchApp()[pri:0, instance:controlExample.HandleDropdown@1b40d5f0]" name="launchApp" is-config="true" duration-ms="4157" started-at="2022-10-20T00:49:59Z" finished-at="2022-10-20T00:50:04Z">
          <reporter-output>
          </reporter-output>
        </test-method> <!-- launchApp -->
        <test-method status="PASS" signature="verifyDropdownSingle()[pri:0, instance:controlExample.HandleDropdown@1b40d5f0]" name="verifyDropdownSingle" duration-ms="16612" started-at="2022-10-20T00:50:04Z" finished-at="2022-10-20T00:50:20Z">
          <reporter-output>
          </reporter-output>
        </test-method> <!-- verifyDropdownSingle -->
        <test-method status="PASS" signature="closeApp()[pri:0, instance:controlExample.HandleDropdown@1b40d5f0]" name="closeApp" is-config="true" duration-ms="4257" started-at="2022-10-20T00:50:20Z" finished-at="2022-10-20T00:50:25Z">
          <reporter-output>
          </reporter-output>
        </test-method> <!-- closeApp -->
      </class> <!-- controlExample.HandleDropdown -->
    </test> <!-- Default test -->
  </suite> <!-- Default suite -->
</testng-results>
