<?xml version="1.0" encoding="UTF-8"?>
<!-- Generated by org.testng.reporters.JUnitXMLReporter -->
<testsuite hostname="DESKTOP-QNHJ5Q7" ignored="0" name="Test" tests="3" failures="0" timestamp="2022-11-10T06:10:37 PST" time="28.342" errors="0">
  <testcase name="verifyLogin" time="11.646" classname="logExample.NOPComLogin"/>
  <testcase name="verifyAppTitle" time="0.048" classname="logExample.NOPComLogin"/>
  <testcase name="verufyLogout" time="1.368" classname="logExample.NOPComLogin"/>
</testsuite> <!-- Test -->
