<?xml version="1.0" encoding="UTF-8"?>
<testng-results skipped="0" failed="0" ignored="0" total="5" passed="5">
  <reporter-output>
  </reporter-output>
  <suite name="Suite" duration-ms="3026" started-at="2022-11-10T05:34:17 PST" finished-at="2022-11-10T05:34:20 PST">
    <groups>
    </groups>
    <test name="Test" duration-ms="3026" started-at="2022-11-10T05:34:17 PST" finished-at="2022-11-10T05:34:20 PST">
      <class name="restAssuredExample.TC_01_ListUser_Recap">
        <test-method status="PASS" signature="setup()[pri:0, instance:restAssuredExample.TC_01_ListUser_Recap@3e57cd70]" name="setup" is-config="true" duration-ms="2666" started-at="2022-11-10T05:34:17 PST" finished-at="2022-11-10T05:34:20 PST">
          <reporter-output>
          </reporter-output>
        </test-method> <!-- setup -->
        <test-method status="PASS" signature="verifyContent()[pri:0, instance:restAssuredExample.TC_01_ListUser_Recap@3e57cd70]" name="verifyContent" duration-ms="31" started-at="2022-11-10T05:34:20 PST" finished-at="2022-11-10T05:34:20 PST">
          <reporter-output>
          </reporter-output>
        </test-method> <!-- verifyContent -->
        <test-method status="PASS" signature="verifyContentType()[pri:0, instance:restAssuredExample.TC_01_ListUser_Recap@3e57cd70]" name="verifyContentType" duration-ms="3" started-at="2022-11-10T05:34:20 PST" finished-at="2022-11-10T05:34:20 PST">
          <reporter-output>
          </reporter-output>
        </test-method> <!-- verifyContentType -->
        <test-method status="PASS" signature="verifyStatusCode()[pri:0, instance:restAssuredExample.TC_01_ListUser_Recap@3e57cd70]" name="verifyStatusCode" duration-ms="1" started-at="2022-11-10T05:34:20 PST" finished-at="2022-11-10T05:34:20 PST">
          <reporter-output>
          </reporter-output>
        </test-method> <!-- verifyStatusCode -->
        <test-method status="PASS" signature="verifyHeader_TransferEncoding()[pri:0, instance:restAssuredExample.TC_01_ListUser_Recap@3e57cd70]" name="verifyHeader_TransferEncoding" duration-ms="0" started-at="2022-11-10T05:34:20 PST" finished-at="2022-11-10T05:34:20 PST">
          <reporter-output>
          </reporter-output>
        </test-method> <!-- verifyHeader_TransferEncoding -->
      </class> <!-- restAssuredExample.TC_01_ListUser_Recap -->
      <class name="restAssuredExample.TC_01_ListUser">
        <test-method status="PASS" signature="verifyListUserTest()[pri:0, instance:restAssuredExample.TC_01_ListUser@38bc8ab5]" name="verifyListUserTest" duration-ms="253" started-at="2022-11-10T05:34:20 PST" finished-at="2022-11-10T05:34:20 PST">
          <reporter-output>
          </reporter-output>
        </test-method> <!-- verifyListUserTest -->
      </class> <!-- restAssuredExample.TC_01_ListUser -->
    </test> <!-- Test -->
  </suite> <!-- Suite -->
</testng-results>
