<?xml version="1.0" encoding="UTF-8"?>
<!-- Generated by org.testng.reporters.JUnitXMLReporter -->
<testsuite hostname="DESKTOP-QNHJ5Q7" ignored="0" name="Test" tests="5" failures="0" timestamp="2022-11-10T05:34:20 PST" time="3.026" errors="0">
  <testcase name="verifyContent" time="0.031" classname="restAssuredExample.TC_01_ListUser_Recap"/>
  <testcase name="verifyContentType" time="0.003" classname="restAssuredExample.TC_01_ListUser_Recap"/>
  <testcase name="verifyHeader_TransferEncoding" time="0.0" classname="restAssuredExample.TC_01_ListUser_Recap"/>
  <testcase name="verifyStatusCode" time="0.001" classname="restAssuredExample.TC_01_ListUser_Recap"/>
  <testcase name="verifyListUserTest" time="0.253" classname="restAssuredExample.TC_01_ListUser"/>
</testsuite> <!-- Test -->
